<?xml version="1.0" encoding="UTF-8"?>
<coverage generated="1788172422289" clover="3.2.0">
  <project timestamp="1788172422289" name="All files">
    <metrics statements="194" coveredstatements="168" conditionals="124" coveredconditionals="90" methods="21" coveredmethods="18" elements="339" coveredelements="276" complexity="0" loc="194" ncloc="194" packages="1" files="3" classes="3"/>
    <file name="background-extractor.js" path="/root/.local/.openclaw/workspace/projects/flyergen/src/namebadge/background-extractor.js">
      <metrics statements="73" coveredstatements="55" conditionals="29" coveredconditionals="21" methods="7" coveredmethods="5"/>
      <line num="1" count="2" type="stmt"/>
      <line num="2" count="2" type="stmt"/>
      <line num="3" count="2" type="stmt"/>
      <line num="4" count="2" type="stmt"/>
      <line num="6" count="2" type="stmt"/>
      <line num="17" count="16" type="cond" truecount="2" falsecount="0"/>
      <line num="18" count="16" type="stmt"/>
      <line num="19" count="16" type="stmt"/>
      <line num="20" count="16" type="stmt"/>
      <line num="22" count="16" type="stmt"/>
      <line num="24" count="16" type="cond" truecount="2" falsecount="0"/>
      <line num="25" count="2" type="stmt"/>
      <line num="26" count="14" type="cond" truecount="2" falsecount="0"/>
      <line num="27" count="13" type="stmt"/>
      <line num="29" count="1" type="stmt"/>
      <line num="37" count="2" type="stmt"/>
      <line num="38" count="2" type="stmt"/>
      <line num="40" count="2" type="stmt"/>
      <line num="42" count="2" type="stmt"/>
      <line num="43" count="2" type="stmt"/>
      <line num="44" count="2" type="stmt"/>
      <line num="45" count="2" type="stmt"/>
      <line num="46" count="2" type="cond" truecount="1" falsecount="1"/>
      <line num="52" count="2" type="stmt"/>
      <line num="58" count="2" type="stmt"/>
      <line num="59" count="2" type="cond" truecount="1" falsecount="1"/>
      <line num="60" count="0" type="stmt"/>
      <line num="64" count="2" type="cond" truecount="2" falsecount="2"/>
      <line num="65" count="0" type="stmt"/>
      <line num="66" count="0" type="stmt"/>
      <line num="68" count="2" type="stmt"/>
      <line num="72" count="2" type="stmt"/>
      <line num="74" count="2" type="stmt"/>
      <line num="82" count="0" type="stmt"/>
      <line num="83" count="0" type="stmt"/>
      <line num="84" count="0" type="stmt"/>
      <line num="85" count="0" type="stmt"/>
      <line num="86" count="0" type="stmt"/>
      <line num="89" count="0" type="stmt"/>
      <line num="97" count="13" type="stmt"/>
      <line num="100" count="13" type="stmt"/>
      <line num="102" count="13" type="cond" truecount="4" falsecount="0"/>
      <line num="103" count="4" type="stmt"/>
      <line num="106" count="9" type="stmt"/>
      <line num="111" count="12" type="stmt"/>
      <line num="113" count="12" type="stmt"/>
      <line num="129" count="4" type="stmt"/>
      <line num="130" count="4" type="stmt"/>
      <line num="134" count="4" type="stmt"/>
      <line num="135" count="4" type="stmt"/>
      <line num="138" count="4" type="stmt"/>
      <line num="139" count="4" type="stmt"/>
      <line num="141" count="4" type="cond" truecount="4" falsecount="0"/>
      <line num="142" count="1" type="stmt"/>
      <line num="145" count="3" type="stmt"/>
      <line num="162" count="3" type="stmt"/>
      <line num="163" count="3" type="stmt"/>
      <line num="164" count="3" type="stmt"/>
      <line num="166" count="3" type="stmt"/>
      <line num="168" count="3" type="cond" truecount="1" falsecount="1"/>
      <line num="169" count="0" type="stmt"/>
      <line num="170" count="0" type="stmt"/>
      <line num="171" count="0" type="stmt"/>
      <line num="175" count="0" type="stmt"/>
      <line num="176" count="0" type="cond" truecount="0" falsecount="2"/>
      <line num="177" count="0" type="stmt"/>
      <line num="179" count="0" type="stmt"/>
      <line num="181" count="0" type="stmt"/>
      <line num="183" count="3" type="cond" truecount="1" falsecount="1"/>
      <line num="184" count="3" type="stmt"/>
      <line num="188" count="0" type="stmt"/>
      <line num="191" count="3" type="stmt"/>
      <line num="194" count="2" type="stmt"/>
    </file>
    <file name="badge-renderer.js" path="/root/.local/.openclaw/workspace/projects/flyergen/src/namebadge/badge-renderer.js">
      <metrics statements="78" coveredstatements="73" conditionals="56" coveredconditionals="35" methods="9" coveredmethods="9"/>
      <line num="1" count="2" type="stmt"/>
      <line num="2" count="2" type="stmt"/>
      <line num="3" count="2" type="stmt"/>
      <line num="4" count="2" type="stmt"/>
      <line num="6" count="2" type="stmt"/>
      <line num="7" count="2" type="stmt"/>
      <line num="10" count="2" type="stmt"/>
      <line num="31" count="10" type="stmt"/>
      <line num="33" count="10" type="cond" truecount="4" falsecount="0"/>
      <line num="34" count="1" type="stmt"/>
      <line num="38" count="9" type="stmt"/>
      <line num="39" count="9" type="cond" truecount="2" falsecount="0"/>
      <line num="42" count="9" type="cond" truecount="2" falsecount="0"/>
      <line num="43" count="1" type="stmt"/>
      <line num="47" count="8" type="stmt"/>
      <line num="57" count="8" type="stmt"/>
      <line num="58" count="8" type="stmt"/>
      <line num="59" count="8" type="stmt"/>
      <line num="61" count="8" type="stmt"/>
      <line num="63" count="8" type="stmt"/>
      <line num="65" count="8" type="stmt"/>
      <line num="70" count="1" type="stmt"/>
      <line num="71" count="1" type="cond" truecount="1" falsecount="1"/>
      <line num="75" count="7" type="stmt"/>
      <line num="77" count="7" type="stmt"/>
      <line num="91" count="3" type="stmt"/>
      <line num="93" count="3" type="stmt"/>
      <line num="94" count="3" type="cond" truecount="2" falsecount="0"/>
      <line num="95" count="1" type="stmt"/>
      <line num="98" count="2" type="stmt"/>
      <line num="99" count="2" type="cond" truecount="1" falsecount="1"/>
      <line num="100" count="0" type="stmt"/>
      <line num="104" count="2" type="stmt"/>
      <line num="111" count="2" type="stmt"/>
      <line num="112" count="2" type="stmt"/>
      <line num="113" count="2" type="stmt"/>
      <line num="115" count="2" type="stmt"/>
      <line num="117" count="2" type="stmt"/>
      <line num="119" count="2" type="stmt"/>
      <line num="120" count="2" type="stmt"/>
      <line num="122" count="2" type="stmt"/>
      <line num="138" count="0" type="stmt"/>
      <line num="139" count="0" type="cond" truecount="0" falsecount="2"/>
      <line num="142" count="2" type="stmt"/>
      <line num="144" count="2" type="stmt"/>
      <line num="151" count="12" type="cond" truecount="1" falsecount="1"/>
      <line num="154" count="12" type="cond" truecount="1" falsecount="1"/>
      <line num="156" count="12" type="cond" truecount="1" falsecount="1"/>
      <line num="157" count="12" type="stmt"/>
      <line num="159" count="0" type="stmt"/>
      <line num="163" count="0" type="stmt"/>
      <line num="170" count="8" type="stmt"/>
      <line num="171" count="8" type="cond" truecount="2" falsecount="0"/>
      <line num="173" count="8" type="stmt"/>
      <line num="175" count="8" type="stmt"/>
      <line num="177" count="11" type="stmt"/>
      <line num="180" count="11" type="cond" truecount="4" falsecount="0"/>
      <line num="181" count="2" type="stmt"/>
      <line num="185" count="8" type="stmt"/>
      <line num="233" count="2" type="stmt"/>
      <line num="235" count="2" type="stmt"/>
      <line num="275" count="15" type="stmt"/>
      <line num="277" count="15" type="cond" truecount="5" falsecount="0"/>
      <line num="279" count="2" type="stmt"/>
      <line num="285" count="13" type="stmt"/>
      <line num="286" count="39" type="cond" truecount="1" falsecount="1"/>
      <line num="287" count="39" type="cond" truecount="1" falsecount="1"/>
      <line num="295" count="39" type="stmt"/>
      <line num="297" count="39" type="stmt"/>
      <line num="312" count="13" type="stmt"/>
      <line num="322" count="11" type="cond" truecount="1" falsecount="1"/>
      <line num="324" count="11" type="stmt"/>
      <line num="325" count="11" type="stmt"/>
      <line num="333" count="11" type="cond" truecount="1" falsecount="1"/>
      <line num="334" count="11" type="stmt"/>
      <line num="335" count="11" type="stmt"/>
      <line num="342" count="39" type="stmt"/>
      <line num="350" count="2" type="stmt"/>
    </file>
    <file name="csv-parser.js" path="/root/.local/.openclaw/workspace/projects/flyergen/src/namebadge/csv-parser.js">
      <metrics statements="43" coveredstatements="40" conditionals="39" coveredconditionals="34" methods="5" coveredmethods="4"/>
      <line num="1" count="2" type="stmt"/>
      <line num="3" count="2" type="stmt"/>
      <line num="4" count="2" type="stmt"/>
      <line num="7" count="2" type="stmt"/>
      <line num="20" count="28" type="stmt"/>
      <line num="21" count="28" type="cond" truecount="2" falsecount="0"/>
      <line num="22" count="1" type="stmt"/>
      <line num="26" count="28" type="stmt"/>
      <line num="29" count="28" type="cond" truecount="1" falsecount="1"/>
      <line num="30" count="28" type="cond" truecount="2" falsecount="0"/>
      <line num="31" count="28" type="cond" truecount="2" falsecount="0"/>
      <line num="32" count="28" type="cond" truecount="2" falsecount="0"/>
      <line num="35" count="28" type="stmt"/>
      <line num="39" count="84" type="stmt"/>
      <line num="42" count="28" type="cond" truecount="1" falsecount="1"/>
      <line num="43" count="0" type="stmt"/>
      <line num="44" count="0" type="cond" truecount="0" falsecount="2"/>
      <line num="45" count="0" type="stmt"/>
      <line num="50" count="28" type="cond" truecount="1" falsecount="1"/>
      <line num="51" count="28" type="stmt"/>
      <line num="53" count="28" type="stmt"/>
      <line num="54" count="170" type="stmt"/>
      <line num="55" count="84" type="cond" truecount="2" falsecount="0"/>
      <line num="56" count="80" type="stmt"/>
      <line num="61" count="84" type="stmt"/>
      <line num="62" count="28" type="cond" truecount="2" falsecount="0"/>
      <line num="63" count="2" type="stmt"/>
      <line num="70" count="26" type="stmt"/>
      <line num="71" count="26" type="stmt"/>
      <line num="72" count="1028" type="stmt"/>
      <line num="73" count="1028" type="cond" truecount="2" falsecount="0"/>
      <line num="74" count="1028" type="cond" truecount="2" falsecount="0"/>
      <line num="75" count="1028" type="cond" truecount="2" falsecount="0"/>
      <line num="78" count="1028" type="cond" truecount="5" falsecount="0"/>
      <line num="81" count="1026" type="cond" truecount="4" falsecount="0"/>
      <line num="82" count="2" type="stmt"/>
      <line num="85" count="1024" type="stmt"/>
      <line num="89" count="24" type="cond" truecount="2" falsecount="0"/>
      <line num="90" count="2" type="stmt"/>
      <line num="93" count="22" type="cond" truecount="2" falsecount="0"/>
      <line num="94" count="1" type="stmt"/>
      <line num="97" count="21" type="stmt"/>
      <line num="104" count="2" type="stmt"/>
    </file>
  </project>
</coverage>
