{"/root/.local/.openclaw/workspace/projects/flyergen/src/namebadge/background-extractor.js": {"path":"/root/.local/.openclaw/workspace/projects/flyergen/src/namebadge/background-extractor.js","statementMap":{"0":{"start":{"line":1,"column":21},"end":{"line":1,"column":45}},"1":{"start":{"line":2,"column":14},"end":{"line":2,"column":30}},"2":{"start":{"line":3,"column":13},"end":{"line":3,"column":28}},"3":{"start":{"line":4,"column":11},"end":{"line":4,"column":24}},"4":{"start":{"line":6,"column":29},"end":{"line":6,"column":76}},"5":{"start":{"line":17,"column":46},"end":{"line":17,"column":53}},"6":{"start":{"line":18,"column":14},"end":{"line":18,"column":50}},"7":{"start":{"line":19,"column":20},"end":{"line":19,"column":30}},"8":{"start":{"line":20,"column":21},"end":{"line":20,"column":75}},"9":{"start":{"line":22,"column":2},"end":{"line":22,"column":58}},"10":{"start":{"line":24,"column":2},"end":{"line":30,"column":3}},"11":{"start":{"line":25,"column":4},"end":{"line":25,"column":79}},"12":{"start":{"line":26,"column":9},"end":{"line":30,"column":3}},"13":{"start":{"line":27,"column":4},"end":{"line":27,"column":81}},"14":{"start":{"line":29,"column":4},"end":{"line":29,"column":72}},"15":{"start":{"line":37,"column":34},"end":{"line":37,"column":41}},"16":{"start":{"line":38,"column":20},"end":{"line":38,"column":54}},"17":{"start":{"line":40,"column":2},"end":{"line":90,"column":3}},"18":{"start":{"line":42,"column":20},"end":{"line":42,"column":21}},"19":{"start":{"line":43,"column":4},"end":{"line":49,"column":5}},"20":{"start":{"line":44,"column":19},"end":{"line":44,"column":98}},"21":{"start":{"line":45,"column":20},"end":{"line":45,"column":48}},"22":{"start":{"line":46,"column":6},"end":{"line":46,"column":48}},"23":{"start":{"line":46,"column":17},"end":{"line":46,"column":48}},"24":{"start":{"line":52,"column":4},"end":{"line":55,"column":6}},"25":{"start":{"line":58,"column":26},"end":{"line":58,"column":46}},"26":{"start":{"line":59,"column":4},"end":{"line":61,"column":5}},"27":{"start":{"line":60,"column":6},"end":{"line":60,"column":78}},"28":{"start":{"line":64,"column":4},"end":{"line":69,"column":5}},"29":{"start":{"line":65,"column":6},"end":{"line":65,"column":65}},"30":{"start":{"line":66,"column":6},"end":{"line":66,"column":35}},"31":{"start":{"line":68,"column":6},"end":{"line":68,"column":47}},"32":{"start":{"line":72,"column":21},"end":{"line":72,"column":55}},"33":{"start":{"line":74,"column":4},"end":{"line":79,"column":6}},"34":{"start":{"line":82,"column":4},"end":{"line":88,"column":18}},"35":{"start":{"line":83,"column":23},"end":{"line":84,"column":58}},"36":{"start":{"line":84,"column":21},"end":{"line":84,"column":57}},"37":{"start":{"line":85,"column":6},"end":{"line":87,"column":9}},"38":{"start":{"line":86,"column":8},"end":{"line":86,"column":79}},"39":{"start":{"line":86,"column":14},"end":{"line":86,"column":64}},"40":{"start":{"line":89,"column":4},"end":{"line":89,"column":69}},"41":{"start":{"line":97,"column":34},"end":{"line":97,"column":41}},"42":{"start":{"line":100,"column":19},"end":{"line":100,"column":52}},"43":{"start":{"line":102,"column":2},"end":{"line":109,"column":3}},"44":{"start":{"line":103,"column":4},"end":{"line":103,"column":59}},"45":{"start":{"line":106,"column":4},"end":{"line":108,"column":26}},"46":{"start":{"line":111,"column":24},"end":{"line":111,"column":58}},"47":{"start":{"line":113,"column":2},"end":{"line":118,"column":4}},"48":{"start":{"line":129,"column":19},"end":{"line":129,"column":52}},"49":{"start":{"line":130,"column":28},"end":{"line":130,"column":36}},"50":{"start":{"line":134,"column":18},"end":{"line":134,"column":28}},"51":{"start":{"line":135,"column":17},"end":{"line":135,"column":46}},"52":{"start":{"line":138,"column":20},"end":{"line":138,"column":40}},"53":{"start":{"line":139,"column":21},"end":{"line":139,"column":42}},"54":{"start":{"line":141,"column":2},"end":{"line":143,"column":3}},"55":{"start":{"line":142,"column":4},"end":{"line":142,"column":69}},"56":{"start":{"line":145,"column":2},"end":{"line":153,"column":24}},"57":{"start":{"line":162,"column":14},"end":{"line":162,"column":50}},"58":{"start":{"line":163,"column":20},"end":{"line":163,"column":30}},"59":{"start":{"line":164,"column":21},"end":{"line":164,"column":77}},"60":{"start":{"line":166,"column":2},"end":{"line":166,"column":58}},"61":{"start":{"line":168,"column":2},"end":{"line":189,"column":3}},"62":{"start":{"line":169,"column":22},"end":{"line":169,"column":56}},"63":{"start":{"line":170,"column":4},"end":{"line":182,"column":5}},"64":{"start":{"line":171,"column":6},"end":{"line":174,"column":8}},"65":{"start":{"line":175,"column":28},"end":{"line":175,"column":48}},"66":{"start":{"line":176,"column":6},"end":{"line":178,"column":7}},"67":{"start":{"line":177,"column":8},"end":{"line":177,"column":60}},"68":{"start":{"line":179,"column":6},"end":{"line":179,"column":47}},"69":{"start":{"line":181,"column":6},"end":{"line":181,"column":78}},"70":{"start":{"line":183,"column":9},"end":{"line":189,"column":3}},"71":{"start":{"line":184,"column":4},"end":{"line":186,"column":26}},"72":{"start":{"line":188,"column":4},"end":{"line":188,"column":72}},"73":{"start":{"line":191,"column":2},"end":{"line":191,"column":38}},"74":{"start":{"line":194,"column":0},"end":{"line":194,"column":56}}},"fnMap":{"0":{"name":"extractBackground","decl":{"start":{"line":16,"column":15},"end":{"line":16,"column":32}},"loc":{"start":{"line":16,"column":57},"end":{"line":31,"column":1}},"line":16},"1":{"name":"extractFromPdf","decl":{"start":{"line":36,"column":15},"end":{"line":36,"column":29}},"loc":{"start":{"line":36,"column":60},"end":{"line":91,"column":1}},"line":36},"2":{"name":"(anonymous_2)","decl":{"start":{"line":84,"column":16},"end":{"line":84,"column":17}},"loc":{"start":{"line":84,"column":21},"end":{"line":84,"column":57}},"line":84},"3":{"name":"(anonymous_3)","decl":{"start":{"line":85,"column":23},"end":{"line":85,"column":24}},"loc":{"start":{"line":85,"column":28},"end":{"line":87,"column":7}},"line":85},"4":{"name":"extractFromImage","decl":{"start":{"line":96,"column":15},"end":{"line":96,"column":31}},"loc":{"start":{"line":96,"column":64},"end":{"line":119,"column":1}},"line":96},"5":{"name":"applyBleedCrop","decl":{"start":{"line":128,"column":15},"end":{"line":128,"column":29}},"loc":{"start":{"line":128,"column":62},"end":{"line":154,"column":1}},"line":128},"6":{"name":"extractBackside","decl":{"start":{"line":161,"column":15},"end":{"line":161,"column":30}},"loc":{"start":{"line":161,"column":41},"end":{"line":192,"column":1}},"line":161}},"branchMap":{"0":{"loc":{"start":{"line":16,"column":43},"end":{"line":16,"column":55}},"type":"default-arg","locations":[{"start":{"line":16,"column":53},"end":{"line":16,"column":55}}],"line":16},"1":{"loc":{"start":{"line":17,"column":10},"end":{"line":17,"column":26}},"type":"default-arg","locations":[{"start":{"line":17,"column":21},"end":{"line":17,"column":26}}],"line":17},"2":{"loc":{"start":{"line":17,"column":28},"end":{"line":17,"column":41}},"type":"default-arg","locations":[{"start":{"line":17,"column":40},"end":{"line":17,"column":41}}],"line":17},"3":{"loc":{"start":{"line":24,"column":2},"end":{"line":30,"column":3}},"type":"if","locations":[{"start":{"line":24,"column":2},"end":{"line":30,"column":3}},{"start":{"line":26,"column":9},"end":{"line":30,"column":3}}],"line":24},"4":{"loc":{"start":{"line":26,"column":9},"end":{"line":30,"column":3}},"type":"if","locations":[{"start":{"line":26,"column":9},"end":{"line":30,"column":3}},{"start":{"line":28,"column":9},"end":{"line":30,"column":3}}],"line":26},"5":{"loc":{"start":{"line":46,"column":6},"end":{"line":46,"column":48}},"type":"if","locations":[{"start":{"line":46,"column":6},"end":{"line":46,"column":48}},{"start":{},"end":{}}],"line":46},"6":{"loc":{"start":{"line":59,"column":4},"end":{"line":61,"column":5}},"type":"if","locations":[{"start":{"line":59,"column":4},"end":{"line":61,"column":5}},{"start":{},"end":{}}],"line":59},"7":{"loc":{"start":{"line":64,"column":4},"end":{"line":69,"column":5}},"type":"if","locations":[{"start":{"line":64,"column":4},"end":{"line":69,"column":5}},{"start":{"line":67,"column":11},"end":{"line":69,"column":5}}],"line":64},"8":{"loc":{"start":{"line":64,"column":8},"end":{"line":64,"column":33}},"type":"binary-expr","locations":[{"start":{"line":64,"column":8},"end":{"line":64,"column":16}},{"start":{"line":64,"column":20},"end":{"line":64,"column":33}}],"line":64},"9":{"loc":{"start":{"line":102,"column":2},"end":{"line":109,"column":3}},"type":"if","locations":[{"start":{"line":102,"column":2},"end":{"line":109,"column":3}},{"start":{"line":104,"column":9},"end":{"line":109,"column":3}}],"line":102},"10":{"loc":{"start":{"line":102,"column":6},"end":{"line":102,"column":31}},"type":"binary-expr","locations":[{"start":{"line":102,"column":6},"end":{"line":102,"column":14}},{"start":{"line":102,"column":18},"end":{"line":102,"column":31}}],"line":102},"11":{"loc":{"start":{"line":141,"column":2},"end":{"line":143,"column":3}},"type":"if","locations":[{"start":{"line":141,"column":2},"end":{"line":143,"column":3}},{"start":{},"end":{}}],"line":141},"12":{"loc":{"start":{"line":141,"column":6},"end":{"line":141,"column":39}},"type":"binary-expr","locations":[{"start":{"line":141,"column":6},"end":{"line":141,"column":20}},{"start":{"line":141,"column":24},"end":{"line":141,"column":39}}],"line":141},"13":{"loc":{"start":{"line":168,"column":2},"end":{"line":189,"column":3}},"type":"if","locations":[{"start":{"line":168,"column":2},"end":{"line":189,"column":3}},{"start":{"line":183,"column":9},"end":{"line":189,"column":3}}],"line":168},"14":{"loc":{"start":{"line":176,"column":6},"end":{"line":178,"column":7}},"type":"if","locations":[{"start":{"line":176,"column":6},"end":{"line":178,"column":7}},{"start":{},"end":{}}],"line":176},"15":{"loc":{"start":{"line":183,"column":9},"end":{"line":189,"column":3}},"type":"if","locations":[{"start":{"line":183,"column":9},"end":{"line":189,"column":3}},{"start":{"line":187,"column":9},"end":{"line":189,"column":3}}],"line":183}},"s":{"0":2,"1":2,"2":2,"3":2,"4":2,"5":16,"6":16,"7":16,"8":16,"9":16,"10":16,"11":2,"12":14,"13":13,"14":1,"15":2,"16":2,"17":2,"18":2,"19":2,"20":2,"21":2,"22":2,"23":2,"24":2,"25":2,"26":2,"27":0,"28":2,"29":0,"30":0,"31":2,"32":2,"33":2,"34":0,"35":0,"36":0,"37":0,"38":0,"39":0,"40":0,"41":13,"42":13,"43":13,"44":4,"45":9,"46":12,"47":12,"48":4,"49":4,"50":4,"51":4,"52":4,"53":4,"54":4,"55":1,"56":3,"57":3,"58":3,"59":3,"60":3,"61":3,"62":0,"63":0,"64":0,"65":0,"66":0,"67":0,"68":0,"69":0,"70":3,"71":3,"72":0,"73":3,"74":2},"f":{"0":16,"1":2,"2":0,"3":0,"4":13,"5":4,"6":3},"b":{"0":[7],"1":[7],"2":[8],"3":[2,14],"4":[13,1],"5":[2,0],"6":[0,2],"7":[0,2],"8":[2,0],"9":[4,9],"10":[13,4],"11":[1,3],"12":[4,3],"13":[0,3],"14":[0,0],"15":[3,0]},"_coverageSchema":"1a1c01bbd47fc00a2c39e90264f33305004495a9","hash":"80cc5612d85905f8e0ab7df8dfbb1b5ddbdf1eda"}
,"/root/.local/.openclaw/workspace/projects/flyergen/src/namebadge/badge-renderer.js": {"path":"/root/.local/.openclaw/workspace/projects/flyergen/src/namebadge/badge-renderer.js","statementMap":{"0":{"start":{"line":1,"column":19},"end":{"line":1,"column":40}},"1":{"start":{"line":2,"column":21},"end":{"line":2,"column":45}},"2":{"start":{"line":3,"column":11},"end":{"line":3,"column":24}},"3":{"start":{"line":4,"column":13},"end":{"line":4,"column":28}},"4":{"start":{"line":6,"column":19},"end":{"line":6,"column":55}},"5":{"start":{"line":7,"column":29},"end":{"line":7,"column":76}},"6":{"start":{"line":10,"column":0},"end":{"line":10,"column":46}},"7":{"start":{"line":31,"column":6},"end":{"line":31,"column":12}},"8":{"start":{"line":33,"column":2},"end":{"line":35,"column":3}},"9":{"start":{"line":34,"column":4},"end":{"line":34,"column":52}},"10":{"start":{"line":38,"column":17},"end":{"line":38,"column":47}},"11":{"start":{"line":39,"column":19},"end":{"line":39,"column":68}},"12":{"start":{"line":42,"column":2},"end":{"line":44,"column":3}},"13":{"start":{"line":43,"column":4},"end":{"line":43,"column":65}},"14":{"start":{"line":47,"column":15},"end":{"line":54,"column":4}},"15":{"start":{"line":57,"column":20},"end":{"line":57,"column":30}},"16":{"start":{"line":58,"column":18},"end":{"line":58,"column":74}},"17":{"start":{"line":59,"column":21},"end":{"line":59,"column":77}},"18":{"start":{"line":61,"column":2},"end":{"line":61,"column":42}},"19":{"start":{"line":63,"column":2},"end":{"line":72,"column":3}},"20":{"start":{"line":65,"column":4},"end":{"line":68,"column":6}},"21":{"start":{"line":70,"column":4},"end":{"line":70,"column":48}},"22":{"start":{"line":70,"column":10},"end":{"line":70,"column":33}},"23":{"start":{"line":71,"column":4},"end":{"line":71,"column":91}},"24":{"start":{"line":75,"column":2},"end":{"line":75,"column":46}},"25":{"start":{"line":75,"column":8},"end":{"line":75,"column":31}},"26":{"start":{"line":77,"column":2},"end":{"line":77,"column":20}},"27":{"start":{"line":91,"column":6},"end":{"line":91,"column":12}},"28":{"start":{"line":93,"column":22},"end":{"line":93,"column":37}},"29":{"start":{"line":94,"column":2},"end":{"line":96,"column":3}},"30":{"start":{"line":95,"column":4},"end":{"line":95,"column":52}},"31":{"start":{"line":98,"column":17},"end":{"line":98,"column":47}},"32":{"start":{"line":99,"column":2},"end":{"line":101,"column":3}},"33":{"start":{"line":100,"column":4},"end":{"line":100,"column":65}},"34":{"start":{"line":104,"column":15},"end":{"line":109,"column":4}},"35":{"start":{"line":111,"column":20},"end":{"line":111,"column":30}},"36":{"start":{"line":112,"column":18},"end":{"line":112,"column":82}},"37":{"start":{"line":113,"column":21},"end":{"line":113,"column":80}},"38":{"start":{"line":115,"column":2},"end":{"line":115,"column":42}},"39":{"start":{"line":117,"column":2},"end":{"line":140,"column":3}},"40":{"start":{"line":119,"column":20},"end":{"line":119,"column":56}},"41":{"start":{"line":120,"column":21},"end":{"line":120,"column":58}},"42":{"start":{"line":122,"column":4},"end":{"line":136,"column":6}},"43":{"start":{"line":138,"column":4},"end":{"line":138,"column":48}},"44":{"start":{"line":138,"column":10},"end":{"line":138,"column":33}},"45":{"start":{"line":139,"column":4},"end":{"line":139,"column":98}},"46":{"start":{"line":142,"column":2},"end":{"line":142,"column":46}},"47":{"start":{"line":142,"column":8},"end":{"line":142,"column":31}},"48":{"start":{"line":144,"column":2},"end":{"line":144,"column":20}},"49":{"start":{"line":151,"column":2},"end":{"line":151,"column":24}},"50":{"start":{"line":151,"column":12},"end":{"line":151,"column":24}},"51":{"start":{"line":154,"column":2},"end":{"line":160,"column":3}},"52":{"start":{"line":156,"column":4},"end":{"line":158,"column":5}},"53":{"start":{"line":157,"column":6},"end":{"line":157,"column":48}},"54":{"start":{"line":159,"column":4},"end":{"line":159,"column":15}},"55":{"start":{"line":163,"column":2},"end":{"line":163,"column":27}},"56":{"start":{"line":170,"column":20},"end":{"line":170,"column":49}},"57":{"start":{"line":171,"column":22},"end":{"line":171,"column":71}},"58":{"start":{"line":173,"column":16},"end":{"line":173,"column":18}},"59":{"start":{"line":175,"column":2},"end":{"line":183,"column":3}},"60":{"start":{"line":177,"column":4},"end":{"line":177,"column":81}},"61":{"start":{"line":180,"column":4},"end":{"line":182,"column":5}},"62":{"start":{"line":181,"column":6},"end":{"line":181,"column":75}},"63":{"start":{"line":185,"column":2},"end":{"line":226,"column":9}},"64":{"start":{"line":233,"column":20},"end":{"line":233,"column":49}},"65":{"start":{"line":235,"column":2},"end":{"line":268,"column":9}},"66":{"start":{"line":275,"column":18},"end":{"line":275,"column":58}},"67":{"start":{"line":277,"column":2},"end":{"line":282,"column":3}},"68":{"start":{"line":279,"column":4},"end":{"line":281,"column":8}},"69":{"start":{"line":285,"column":20},"end":{"line":310,"column":33}},"70":{"start":{"line":286,"column":17},"end":{"line":286,"column":55}},"71":{"start":{"line":287,"column":4},"end":{"line":287,"column":25}},"72":{"start":{"line":287,"column":15},"end":{"line":287,"column":25}},"73":{"start":{"line":295,"column":8},"end":{"line":295,"column":14}},"74":{"start":{"line":297,"column":4},"end":{"line":309,"column":21}},"75":{"start":{"line":312,"column":2},"end":{"line":315,"column":8}},"76":{"start":{"line":322,"column":2},"end":{"line":322,"column":27}},"77":{"start":{"line":322,"column":17},"end":{"line":322,"column":27}},"78":{"start":{"line":324,"column":14},"end":{"line":324,"column":50}},"79":{"start":{"line":325,"column":20},"end":{"line":331,"column":3}},"80":{"start":{"line":333,"column":15},"end":{"line":333,"column":44}},"81":{"start":{"line":334,"column":15},"end":{"line":334,"column":40}},"82":{"start":{"line":335,"column":2},"end":{"line":335,"column":58}},"83":{"start":{"line":342,"column":2},"end":{"line":347,"column":29}},"84":{"start":{"line":350,"column":0},"end":{"line":350,"column":49}}},"fnMap":{"0":{"name":"renderBadges","decl":{"start":{"line":23,"column":15},"end":{"line":23,"column":27}},"loc":{"start":{"line":23,"column":36},"end":{"line":78,"column":1}},"line":23},"1":{"name":"renderPreview","decl":{"start":{"line":85,"column":15},"end":{"line":85,"column":28}},"loc":{"start":{"line":85,"column":37},"end":{"line":145,"column":1}},"line":85},"2":{"name":"resolveFilePath","decl":{"start":{"line":150,"column":9},"end":{"line":150,"column":24}},"loc":{"start":{"line":150,"column":30},"end":{"line":164,"column":1}},"line":150},"3":{"name":"buildBadgeHtml","decl":{"start":{"line":169,"column":9},"end":{"line":169,"column":23}},"loc":{"start":{"line":169,"column":104},"end":{"line":227,"column":1}},"line":169},"4":{"name":"buildSingleBadgeHtml","decl":{"start":{"line":232,"column":9},"end":{"line":232,"column":29}},"loc":{"start":{"line":232,"column":82},"end":{"line":269,"column":1}},"line":232},"5":{"name":"buildBadgePage","decl":{"start":{"line":274,"column":9},"end":{"line":274,"column":23}},"loc":{"start":{"line":274,"column":79},"end":{"line":316,"column":1}},"line":274},"6":{"name":"(anonymous_6)","decl":{"start":{"line":285,"column":47},"end":{"line":285,"column":48}},"loc":{"start":{"line":285,"column":70},"end":{"line":310,"column":3}},"line":285},"7":{"name":"fileToDataUri","decl":{"start":{"line":321,"column":9},"end":{"line":321,"column":22}},"loc":{"start":{"line":321,"column":33},"end":{"line":336,"column":1}},"line":321},"8":{"name":"escapeHtml","decl":{"start":{"line":341,"column":9},"end":{"line":341,"column":19}},"loc":{"start":{"line":341,"column":26},"end":{"line":348,"column":1}},"line":341}},"branchMap":{"0":{"loc":{"start":{"line":26,"column":4},"end":{"line":26,"column":23}},"type":"default-arg","locations":[{"start":{"line":26,"column":18},"end":{"line":26,"column":23}}],"line":26},"1":{"loc":{"start":{"line":27,"column":4},"end":{"line":27,"column":22}},"type":"default-arg","locations":[{"start":{"line":27,"column":18},"end":{"line":27,"column":22}}],"line":27},"2":{"loc":{"start":{"line":30,"column":4},"end":{"line":30,"column":43}},"type":"default-arg","locations":[{"start":{"line":30,"column":16},"end":{"line":30,"column":43}}],"line":30},"3":{"loc":{"start":{"line":33,"column":2},"end":{"line":35,"column":3}},"type":"if","locations":[{"start":{"line":33,"column":2},"end":{"line":35,"column":3}},{"start":{},"end":{}}],"line":33},"4":{"loc":{"start":{"line":33,"column":6},"end":{"line":33,"column":48}},"type":"binary-expr","locations":[{"start":{"line":33,"column":6},"end":{"line":33,"column":19}},{"start":{"line":33,"column":23},"end":{"line":33,"column":48}}],"line":33},"5":{"loc":{"start":{"line":39,"column":19},"end":{"line":39,"column":68}},"type":"cond-expr","locations":[{"start":{"line":39,"column":33},"end":{"line":39,"column":61}},{"start":{"line":39,"column":64},"end":{"line":39,"column":68}}],"line":39},"6":{"loc":{"start":{"line":42,"column":2},"end":{"line":44,"column":3}},"type":"if","locations":[{"start":{"line":42,"column":2},"end":{"line":44,"column":3}},{"start":{},"end":{}}],"line":42},"7":{"loc":{"start":{"line":71,"column":50},"end":{"line":71,"column":87}},"type":"binary-expr","locations":[{"start":{"line":71,"column":50},"end":{"line":71,"column":72}},{"start":{"line":71,"column":76},"end":{"line":71,"column":87}}],"line":71},"8":{"loc":{"start":{"line":90,"column":4},"end":{"line":90,"column":43}},"type":"default-arg","locations":[{"start":{"line":90,"column":16},"end":{"line":90,"column":43}}],"line":90},"9":{"loc":{"start":{"line":94,"column":2},"end":{"line":96,"column":3}},"type":"if","locations":[{"start":{"line":94,"column":2},"end":{"line":96,"column":3}},{"start":{},"end":{}}],"line":94},"10":{"loc":{"start":{"line":99,"column":2},"end":{"line":101,"column":3}},"type":"if","locations":[{"start":{"line":99,"column":2},"end":{"line":101,"column":3}},{"start":{},"end":{}}],"line":99},"11":{"loc":{"start":{"line":139,"column":57},"end":{"line":139,"column":94}},"type":"binary-expr","locations":[{"start":{"line":139,"column":57},"end":{"line":139,"column":79}},{"start":{"line":139,"column":83},"end":{"line":139,"column":94}}],"line":139},"12":{"loc":{"start":{"line":151,"column":2},"end":{"line":151,"column":24}},"type":"if","locations":[{"start":{"line":151,"column":2},"end":{"line":151,"column":24}},{"start":{},"end":{}}],"line":151},"13":{"loc":{"start":{"line":154,"column":2},"end":{"line":160,"column":3}},"type":"if","locations":[{"start":{"line":154,"column":2},"end":{"line":160,"column":3}},{"start":{},"end":{}}],"line":154},"14":{"loc":{"start":{"line":156,"column":4},"end":{"line":158,"column":5}},"type":"if","locations":[{"start":{"line":156,"column":4},"end":{"line":158,"column":5}},{"start":{},"end":{}}],"line":156},"15":{"loc":{"start":{"line":171,"column":22},"end":{"line":171,"column":71}},"type":"cond-expr","locations":[{"start":{"line":171,"column":37},"end":{"line":171,"column":64}},{"start":{"line":171,"column":67},"end":{"line":171,"column":71}}],"line":171},"16":{"loc":{"start":{"line":180,"column":4},"end":{"line":182,"column":5}},"type":"if","locations":[{"start":{"line":180,"column":4},"end":{"line":182,"column":5}},{"start":{},"end":{}}],"line":180},"17":{"loc":{"start":{"line":180,"column":8},"end":{"line":180,"column":34}},"type":"binary-expr","locations":[{"start":{"line":180,"column":8},"end":{"line":180,"column":19}},{"start":{"line":180,"column":23},"end":{"line":180,"column":34}}],"line":180},"18":{"loc":{"start":{"line":277,"column":2},"end":{"line":282,"column":3}},"type":"if","locations":[{"start":{"line":277,"column":2},"end":{"line":282,"column":3}},{"start":{},"end":{}}],"line":277},"19":{"loc":{"start":{"line":277,"column":6},"end":{"line":277,"column":43}},"type":"binary-expr","locations":[{"start":{"line":277,"column":6},"end":{"line":277,"column":16}},{"start":{"line":277,"column":20},"end":{"line":277,"column":32}},{"start":{"line":277,"column":36},"end":{"line":277,"column":43}}],"line":277},"20":{"loc":{"start":{"line":286,"column":28},"end":{"line":286,"column":54}},"type":"binary-expr","locations":[{"start":{"line":286,"column":28},"end":{"line":286,"column":48}},{"start":{"line":286,"column":52},"end":{"line":286,"column":54}}],"line":286},"21":{"loc":{"start":{"line":287,"column":4},"end":{"line":287,"column":25}},"type":"if","locations":[{"start":{"line":287,"column":4},"end":{"line":287,"column":25}},{"start":{},"end":{}}],"line":287},"22":{"loc":{"start":{"line":290,"column":6},"end":{"line":290,"column":11}},"type":"default-arg","locations":[{"start":{"line":290,"column":10},"end":{"line":290,"column":11}}],"line":290},"23":{"loc":{"start":{"line":290,"column":13},"end":{"line":290,"column":18}},"type":"default-arg","locations":[{"start":{"line":290,"column":17},"end":{"line":290,"column":18}}],"line":290},"24":{"loc":{"start":{"line":290,"column":20},"end":{"line":290,"column":30}},"type":"default-arg","locations":[{"start":{"line":290,"column":28},"end":{"line":290,"column":30}}],"line":290},"25":{"loc":{"start":{"line":291,"column":6},"end":{"line":291,"column":19}},"type":"default-arg","locations":[{"start":{"line":291,"column":17},"end":{"line":291,"column":19}}],"line":291},"26":{"loc":{"start":{"line":291,"column":21},"end":{"line":291,"column":41}},"type":"default-arg","locations":[{"start":{"line":291,"column":34},"end":{"line":291,"column":41}}],"line":291},"27":{"loc":{"start":{"line":292,"column":6},"end":{"line":292,"column":27}},"type":"default-arg","locations":[{"start":{"line":292,"column":19},"end":{"line":292,"column":27}}],"line":292},"28":{"loc":{"start":{"line":292,"column":29},"end":{"line":292,"column":49}},"type":"default-arg","locations":[{"start":{"line":292,"column":41},"end":{"line":292,"column":49}}],"line":292},"29":{"loc":{"start":{"line":293,"column":6},"end":{"line":293,"column":23}},"type":"default-arg","locations":[{"start":{"line":293,"column":14},"end":{"line":293,"column":23}}],"line":293},"30":{"loc":{"start":{"line":293,"column":25},"end":{"line":293,"column":39}},"type":"default-arg","locations":[{"start":{"line":293,"column":33},"end":{"line":293,"column":39}}],"line":293},"31":{"loc":{"start":{"line":294,"column":6},"end":{"line":294,"column":22}},"type":"default-arg","locations":[{"start":{"line":294,"column":19},"end":{"line":294,"column":22}}],"line":294},"32":{"loc":{"start":{"line":294,"column":24},"end":{"line":294,"column":41}},"type":"default-arg","locations":[{"start":{"line":294,"column":40},"end":{"line":294,"column":41}}],"line":294},"33":{"loc":{"start":{"line":322,"column":2},"end":{"line":322,"column":27}},"type":"if","locations":[{"start":{"line":322,"column":2},"end":{"line":322,"column":27}},{"start":{},"end":{}}],"line":322},"34":{"loc":{"start":{"line":333,"column":15},"end":{"line":333,"column":44}},"type":"binary-expr","locations":[{"start":{"line":333,"column":15},"end":{"line":333,"column":29}},{"start":{"line":333,"column":33},"end":{"line":333,"column":44}}],"line":333}},"s":{"0":2,"1":2,"2":2,"3":2,"4":2,"5":2,"6":2,"7":10,"8":10,"9":1,"10":9,"11":9,"12":9,"13":1,"14":8,"15":8,"16":8,"17":8,"18":8,"19":8,"20":8,"21":1,"22":1,"23":1,"24":7,"25":7,"26":7,"27":3,"28":3,"29":3,"30":1,"31":2,"32":2,"33":0,"34":2,"35":2,"36":2,"37":2,"38":2,"39":2,"40":2,"41":2,"42":2,"43":0,"44":0,"45":0,"46":2,"47":2,"48":2,"49":12,"50":0,"51":12,"52":12,"53":12,"54":0,"55":0,"56":8,"57":8,"58":8,"59":8,"60":11,"61":11,"62":2,"63":8,"64":2,"65":2,"66":15,"67":15,"68":2,"69":13,"70":39,"71":39,"72":0,"73":39,"74":39,"75":13,"76":11,"77":0,"78":11,"79":11,"80":11,"81":11,"82":11,"83":39,"84":2},"f":{"0":10,"1":3,"2":12,"3":8,"4":2,"5":15,"6":39,"7":11,"8":39},"b":{"0":[3],"1":[3],"2":[0],"3":[1,9],"4":[10,10],"5":[1,8],"6":[1,8],"7":[1,0],"8":[0],"9":[1,2],"10":[0,2],"11":[0,0],"12":[0,12],"13":[12,0],"14":[12,0],"15":[1,7],"16":[2,9],"17":[11,2],"18":[2,13],"19":[15,13,13],"20":[39,0],"21":[0,39],"22":[0],"23":[0],"24":[0],"25":[0],"26":[0],"27":[0],"28":[6],"29":[0],"30":[0],"31":[6],"32":[6],"33":[0,11],"34":[11,0]},"_coverageSchema":"1a1c01bbd47fc00a2c39e90264f33305004495a9","hash":"7b080689716a7bc71c9e57b8f110b526642d654f"}
,"/root/.local/.openclaw/workspace/projects/flyergen/src/namebadge/csv-parser.js": {"path":"/root/.local/.openclaw/workspace/projects/flyergen/src/namebadge/csv-parser.js","statementMap":{"0":{"start":{"line":1,"column":13},"end":{"line":1,"column":33}},"1":{"start":{"line":3,"column":17},"end":{"line":3,"column":20}},"2":{"start":{"line":4,"column":25},"end":{"line":4,"column":60}},"3":{"start":{"line":7,"column":23},"end":{"line":11,"column":1}},"4":{"start":{"line":20,"column":13},"end":{"line":20,"column":36}},"5":{"start":{"line":21,"column":2},"end":{"line":23,"column":3}},"6":{"start":{"line":22,"column":4},"end":{"line":22,"column":25}},"7":{"start":{"line":26,"column":2},"end":{"line":26,"column":59}},"8":{"start":{"line":29,"column":20},"end":{"line":29,"column":48}},"9":{"start":{"line":30,"column":21},"end":{"line":30,"column":57}},"10":{"start":{"line":31,"column":25},"end":{"line":31,"column":61}},"11":{"start":{"line":32,"column":20},"end":{"line":32,"column":59}},"12":{"start":{"line":35,"column":17},"end":{"line":40,"column":4}},"13":{"start":{"line":39,"column":33},"end":{"line":39,"column":46}},"14":{"start":{"line":42,"column":2},"end":{"line":47,"column":3}},"15":{"start":{"line":43,"column":27},"end":{"line":43,"column":80}},"16":{"start":{"line":43,"column":53},"end":{"line":43,"column":79}},"17":{"start":{"line":44,"column":4},"end":{"line":46,"column":5}},"18":{"start":{"line":45,"column":6},"end":{"line":45,"column":111}},"19":{"start":{"line":50,"column":18},"end":{"line":50,"column":42}},"20":{"start":{"line":51,"column":20},"end":{"line":51,"column":22}},"21":{"start":{"line":53,"column":2},"end":{"line":58,"column":3}},"22":{"start":{"line":54,"column":18},"end":{"line":54,"column":70}},"23":{"start":{"line":54,"column":36},"end":{"line":54,"column":69}},"24":{"start":{"line":55,"column":4},"end":{"line":57,"column":5}},"25":{"start":{"line":56,"column":6},"end":{"line":56,"column":32}},"26":{"start":{"line":61,"column":18},"end":{"line":61,"column":65}},"27":{"start":{"line":61,"column":49},"end":{"line":61,"column":64}},"28":{"start":{"line":62,"column":2},"end":{"line":67,"column":3}},"29":{"start":{"line":63,"column":4},"end":{"line":66,"column":6}},"30":{"start":{"line":70,"column":23},"end":{"line":70,"column":25}},"31":{"start":{"line":71,"column":2},"end":{"line":86,"column":3}},"32":{"start":{"line":71,"column":15},"end":{"line":71,"column":16}},"33":{"start":{"line":72,"column":16},"end":{"line":72,"column":30}},"34":{"start":{"line":73,"column":20},"end":{"line":73,"column":57}},"35":{"start":{"line":74,"column":21},"end":{"line":74,"column":59}},"36":{"start":{"line":75,"column":21},"end":{"line":75,"column":59}},"37":{"start":{"line":78,"column":4},"end":{"line":78,"column":53}},"38":{"start":{"line":78,"column":44},"end":{"line":78,"column":53}},"39":{"start":{"line":81,"column":4},"end":{"line":83,"column":5}},"40":{"start":{"line":82,"column":6},"end":{"line":82,"column":81}},"41":{"start":{"line":85,"column":4},"end":{"line":85,"column":55}},"42":{"start":{"line":89,"column":2},"end":{"line":91,"column":3}},"43":{"start":{"line":90,"column":4},"end":{"line":90,"column":53}},"44":{"start":{"line":93,"column":2},"end":{"line":95,"column":3}},"45":{"start":{"line":94,"column":4},"end":{"line":94,"column":107}},"46":{"start":{"line":97,"column":2},"end":{"line":101,"column":4}},"47":{"start":{"line":104,"column":0},"end":{"line":104,"column":30}}},"fnMap":{"0":{"name":"parseCsv","decl":{"start":{"line":18,"column":9},"end":{"line":18,"column":17}},"loc":{"start":{"line":18,"column":26},"end":{"line":102,"column":1}},"line":18},"1":{"name":"(anonymous_1)","decl":{"start":{"line":39,"column":21},"end":{"line":39,"column":22}},"loc":{"start":{"line":39,"column":33},"end":{"line":39,"column":46}},"line":39},"2":{"name":"(anonymous_2)","decl":{"start":{"line":43,"column":48},"end":{"line":43,"column":49}},"loc":{"start":{"line":43,"column":53},"end":{"line":43,"column":79}},"line":43},"3":{"name":"(anonymous_3)","decl":{"start":{"line":54,"column":31},"end":{"line":54,"column":32}},"loc":{"start":{"line":54,"column":36},"end":{"line":54,"column":69}},"line":54},"4":{"name":"(anonymous_4)","decl":{"start":{"line":61,"column":42},"end":{"line":61,"column":43}},"loc":{"start":{"line":61,"column":49},"end":{"line":61,"column":64}},"line":61}},"branchMap":{"0":{"loc":{"start":{"line":21,"column":2},"end":{"line":23,"column":3}},"type":"if","locations":[{"start":{"line":21,"column":2},"end":{"line":23,"column":3}},{"start":{},"end":{}}],"line":21},"1":{"loc":{"start":{"line":29,"column":20},"end":{"line":29,"column":48}},"type":"binary-expr","locations":[{"start":{"line":29,"column":20},"end":{"line":29,"column":42}},{"start":{"line":29,"column":46},"end":{"line":29,"column":48}}],"line":29},"2":{"loc":{"start":{"line":30,"column":22},"end":{"line":30,"column":49}},"type":"binary-expr","locations":[{"start":{"line":30,"column":22},"end":{"line":30,"column":43}},{"start":{"line":30,"column":47},"end":{"line":30,"column":49}}],"line":30},"3":{"loc":{"start":{"line":31,"column":26},"end":{"line":31,"column":53}},"type":"binary-expr","locations":[{"start":{"line":31,"column":26},"end":{"line":31,"column":47}},{"start":{"line":31,"column":51},"end":{"line":31,"column":53}}],"line":31},"4":{"loc":{"start":{"line":32,"column":20},"end":{"line":32,"column":59}},"type":"cond-expr","locations":[{"start":{"line":32,"column":50},"end":{"line":32,"column":53}},{"start":{"line":32,"column":56},"end":{"line":32,"column":59}}],"line":32},"5":{"loc":{"start":{"line":42,"column":2},"end":{"line":47,"column":3}},"type":"if","locations":[{"start":{"line":42,"column":2},"end":{"line":47,"column":3}},{"start":{},"end":{}}],"line":42},"6":{"loc":{"start":{"line":44,"column":4},"end":{"line":46,"column":5}},"type":"if","locations":[{"start":{"line":44,"column":4},"end":{"line":46,"column":5}},{"start":{},"end":{}}],"line":44},"7":{"loc":{"start":{"line":50,"column":18},"end":{"line":50,"column":42}},"type":"binary-expr","locations":[{"start":{"line":50,"column":18},"end":{"line":50,"column":36}},{"start":{"line":50,"column":40},"end":{"line":50,"column":42}}],"line":50},"8":{"loc":{"start":{"line":55,"column":4},"end":{"line":57,"column":5}},"type":"if","locations":[{"start":{"line":55,"column":4},"end":{"line":57,"column":5}},{"start":{},"end":{}}],"line":55},"9":{"loc":{"start":{"line":62,"column":2},"end":{"line":67,"column":3}},"type":"if","locations":[{"start":{"line":62,"column":2},"end":{"line":67,"column":3}},{"start":{},"end":{}}],"line":62},"10":{"loc":{"start":{"line":73,"column":21},"end":{"line":73,"column":49}},"type":"binary-expr","locations":[{"start":{"line":73,"column":21},"end":{"line":73,"column":43}},{"start":{"line":73,"column":47},"end":{"line":73,"column":49}}],"line":73},"11":{"loc":{"start":{"line":74,"column":22},"end":{"line":74,"column":51}},"type":"binary-expr","locations":[{"start":{"line":74,"column":22},"end":{"line":74,"column":45}},{"start":{"line":74,"column":49},"end":{"line":74,"column":51}}],"line":74},"12":{"loc":{"start":{"line":75,"column":22},"end":{"line":75,"column":51}},"type":"binary-expr","locations":[{"start":{"line":75,"column":22},"end":{"line":75,"column":45}},{"start":{"line":75,"column":49},"end":{"line":75,"column":51}}],"line":75},"13":{"loc":{"start":{"line":78,"column":4},"end":{"line":78,"column":53}},"type":"if","locations":[{"start":{"line":78,"column":4},"end":{"line":78,"column":53}},{"start":{},"end":{}}],"line":78},"14":{"loc":{"start":{"line":78,"column":8},"end":{"line":78,"column":42}},"type":"binary-expr","locations":[{"start":{"line":78,"column":8},"end":{"line":78,"column":16}},{"start":{"line":78,"column":20},"end":{"line":78,"column":29}},{"start":{"line":78,"column":33},"end":{"line":78,"column":42}}],"line":78},"15":{"loc":{"start":{"line":81,"column":4},"end":{"line":83,"column":5}},"type":"if","locations":[{"start":{"line":81,"column":4},"end":{"line":83,"column":5}},{"start":{},"end":{}}],"line":81},"16":{"loc":{"start":{"line":81,"column":8},"end":{"line":81,"column":29}},"type":"binary-expr","locations":[{"start":{"line":81,"column":8},"end":{"line":81,"column":16}},{"start":{"line":81,"column":20},"end":{"line":81,"column":29}}],"line":81},"17":{"loc":{"start":{"line":89,"column":2},"end":{"line":91,"column":3}},"type":"if","locations":[{"start":{"line":89,"column":2},"end":{"line":91,"column":3}},{"start":{},"end":{}}],"line":89},"18":{"loc":{"start":{"line":93,"column":2},"end":{"line":95,"column":3}},"type":"if","locations":[{"start":{"line":93,"column":2},"end":{"line":95,"column":3}},{"start":{},"end":{}}],"line":93}},"s":{"0":2,"1":2,"2":2,"3":2,"4":28,"5":28,"6":1,"7":28,"8":28,"9":28,"10":28,"11":28,"12":28,"13":84,"14":28,"15":0,"16":0,"17":0,"18":0,"19":28,"20":28,"21":28,"22":84,"23":170,"24":84,"25":80,"26":28,"27":84,"28":28,"29":2,"30":26,"31":26,"32":26,"33":1028,"34":1028,"35":1028,"36":1028,"37":1028,"38":2,"39":1026,"40":2,"41":1024,"42":24,"43":2,"44":22,"45":1,"46":21,"47":2},"f":{"0":28,"1":84,"2":0,"3":170,"4":84},"b":{"0":[1,27],"1":[28,0],"2":[28,2],"3":[28,26],"4":[2,26],"5":[0,28],"6":[0,0],"7":[28,0],"8":[80,4],"9":[2,26],"10":[1028,3],"11":[1028,3],"12":[1028,3],"13":[2,1026],"14":[1028,3,2],"15":[2,1024],"16":[1026,1025],"17":[2,22],"18":[1,21]},"_coverageSchema":"1a1c01bbd47fc00a2c39e90264f33305004495a9","hash":"85ccda200542876796f57bbf7aa614a6f39efefd"}
}
