TN:
SF:src/namebadge/background-extractor.js
FN:16,extractBackground
FN:36,extractFromPdf
FN:84,(anonymous_2)
FN:85,(anonymous_3)
FN:96,extractFromImage
FN:128,applyBleedCrop
FN:161,extractBackside
FNF:7
FNH:5
FNDA:16,extractBackground
FNDA:2,extractFromPdf
FNDA:0,(anonymous_2)
FNDA:0,(anonymous_3)
FNDA:13,extractFromImage
FNDA:4,applyBleedCrop
FNDA:3,extractBackside
DA:1,2
DA:2,2
DA:3,2
DA:4,2
DA:6,2
DA:17,16
DA:18,16
DA:19,16
DA:20,16
DA:22,16
DA:24,16
DA:25,2
DA:26,14
DA:27,13
DA:29,1
DA:37,2
DA:38,2
DA:40,2
DA:42,2
DA:43,2
DA:44,2
DA:45,2
DA:46,2
DA:52,2
DA:58,2
DA:59,2
DA:60,0
DA:64,2
DA:65,0
DA:66,0
DA:68,2
DA:72,2
DA:74,2
DA:82,0
DA:83,0
DA:84,0
DA:85,0
DA:86,0
DA:89,0
DA:97,13
DA:100,13
DA:102,13
DA:103,4
DA:106,9
DA:111,12
DA:113,12
DA:129,4
DA:130,4
DA:134,4
DA:135,4
DA:138,4
DA:139,4
DA:141,4
DA:142,1
DA:145,3
DA:162,3
DA:163,3
DA:164,3
DA:166,3
DA:168,3
DA:169,0
DA:170,0
DA:171,0
DA:175,0
DA:176,0
DA:177,0
DA:179,0
DA:181,0
DA:183,3
DA:184,3
DA:188,0
DA:191,3
DA:194,2
LF:73
LH:55
BRDA:16,0,0,7
BRDA:17,1,0,7
BRDA:17,2,0,8
BRDA:24,3,0,2
BRDA:24,3,1,14
BRDA:26,4,0,13
BRDA:26,4,1,1
BRDA:46,5,0,2
BRDA:46,5,1,0
BRDA:59,6,0,0
BRDA:59,6,1,2
BRDA:64,7,0,0
BRDA:64,7,1,2
BRDA:64,8,0,2
BRDA:64,8,1,0
BRDA:102,9,0,4
BRDA:102,9,1,9
BRDA:102,10,0,13
BRDA:102,10,1,4
BRDA:141,11,0,1
BRDA:141,11,1,3
BRDA:141,12,0,4
BRDA:141,12,1,3
BRDA:168,13,0,0
BRDA:168,13,1,3
BRDA:176,14,0,0
BRDA:176,14,1,0
BRDA:183,15,0,3
BRDA:183,15,1,0
BRF:29
BRH:21
end_of_record
TN:
SF:src/namebadge/badge-renderer.js
FN:23,renderBadges
FN:85,renderPreview
FN:150,resolveFilePath
FN:169,buildBadgeHtml
FN:232,buildSingleBadgeHtml
FN:274,buildBadgePage
FN:285,(anonymous_6)
FN:321,fileToDataUri
FN:341,escapeHtml
FNF:9
FNH:9
FNDA:10,renderBadges
FNDA:3,renderPreview
FNDA:12,resolveFilePath
FNDA:8,buildBadgeHtml
FNDA:2,buildSingleBadgeHtml
FNDA:15,buildBadgePage
FNDA:39,(anonymous_6)
FNDA:11,fileToDataUri
FNDA:39,escapeHtml
DA:1,2
DA:2,2
DA:3,2
DA:4,2
DA:6,2
DA:7,2
DA:10,2
DA:31,10
DA:33,10
DA:34,1
DA:38,9
DA:39,9
DA:42,9
DA:43,1
DA:47,8
DA:57,8
DA:58,8
DA:59,8
DA:61,8
DA:63,8
DA:65,8
DA:70,1
DA:71,1
DA:75,7
DA:77,7
DA:91,3
DA:93,3
DA:94,3
DA:95,1
DA:98,2
DA:99,2
DA:100,0
DA:104,2
DA:111,2
DA:112,2
DA:113,2
DA:115,2
DA:117,2
DA:119,2
DA:120,2
DA:122,2
DA:138,0
DA:139,0
DA:142,2
DA:144,2
DA:151,12
DA:154,12
DA:156,12
DA:157,12
DA:159,0
DA:163,0
DA:170,8
DA:171,8
DA:173,8
DA:175,8
DA:177,11
DA:180,11
DA:181,2
DA:185,8
DA:233,2
DA:235,2
DA:275,15
DA:277,15
DA:279,2
DA:285,13
DA:286,39
DA:287,39
DA:295,39
DA:297,39
DA:312,13
DA:322,11
DA:324,11
DA:325,11
DA:333,11
DA:334,11
DA:335,11
DA:342,39
DA:350,2
LF:78
LH:73
BRDA:26,0,0,3
BRDA:27,1,0,3
BRDA:30,2,0,0
BRDA:33,3,0,1
BRDA:33,3,1,9
BRDA:33,4,0,10
BRDA:33,4,1,10
BRDA:39,5,0,1
BRDA:39,5,1,8
BRDA:42,6,0,1
BRDA:42,6,1,8
BRDA:71,7,0,1
BRDA:71,7,1,0
BRDA:90,8,0,0
BRDA:94,9,0,1
BRDA:94,9,1,2
BRDA:99,10,0,0
BRDA:99,10,1,2
BRDA:139,11,0,0
BRDA:139,11,1,0
BRDA:151,12,0,0
BRDA:151,12,1,12
BRDA:154,13,0,12
BRDA:154,13,1,0
BRDA:156,14,0,12
BRDA:156,14,1,0
BRDA:171,15,0,1
BRDA:171,15,1,7
BRDA:180,16,0,2
BRDA:180,16,1,9
BRDA:180,17,0,11
BRDA:180,17,1,2
BRDA:277,18,0,2
BRDA:277,18,1,13
BRDA:277,19,0,15
BRDA:277,19,1,13
BRDA:277,19,2,13
BRDA:286,20,0,39
BRDA:286,20,1,0
BRDA:287,21,0,0
BRDA:287,21,1,39
BRDA:290,22,0,0
BRDA:290,23,0,0
BRDA:290,24,0,0
BRDA:291,25,0,0
BRDA:291,26,0,0
BRDA:292,27,0,0
BRDA:292,28,0,6
BRDA:293,29,0,0
BRDA:293,30,0,0
BRDA:294,31,0,6
BRDA:294,32,0,6
BRDA:322,33,0,0
BRDA:322,33,1,11
BRDA:333,34,0,11
BRDA:333,34,1,0
BRF:56
BRH:35
end_of_record
TN:
SF:src/namebadge/csv-parser.js
FN:18,parseCsv
FN:39,(anonymous_1)
FN:43,(anonymous_2)
FN:54,(anonymous_3)
FN:61,(anonymous_4)
FNF:5
FNH:4
FNDA:28,parseCsv
FNDA:84,(anonymous_1)
FNDA:0,(anonymous_2)
FNDA:170,(anonymous_3)
FNDA:84,(anonymous_4)
DA:1,2
DA:3,2
DA:4,2
DA:7,2
DA:20,28
DA:21,28
DA:22,1
DA:26,28
DA:29,28
DA:30,28
DA:31,28
DA:32,28
DA:35,28
DA:39,84
DA:42,28
DA:43,0
DA:44,0
DA:45,0
DA:50,28
DA:51,28
DA:53,28
DA:54,170
DA:55,84
DA:56,80
DA:61,84
DA:62,28
DA:63,2
DA:70,26
DA:71,26
DA:72,1028
DA:73,1028
DA:74,1028
DA:75,1028
DA:78,1028
DA:81,1026
DA:82,2
DA:85,1024
DA:89,24
DA:90,2
DA:93,22
DA:94,1
DA:97,21
DA:104,2
LF:43
LH:40
BRDA:21,0,0,1
BRDA:21,0,1,27
BRDA:29,1,0,28
BRDA:29,1,1,0
BRDA:30,2,0,28
BRDA:30,2,1,2
BRDA:31,3,0,28
BRDA:31,3,1,26
BRDA:32,4,0,2
BRDA:32,4,1,26
BRDA:42,5,0,0
BRDA:42,5,1,28
BRDA:44,6,0,0
BRDA:44,6,1,0
BRDA:50,7,0,28
BRDA:50,7,1,0
BRDA:55,8,0,80
BRDA:55,8,1,4
BRDA:62,9,0,2
BRDA:62,9,1,26
BRDA:73,10,0,1028
BRDA:73,10,1,3
BRDA:74,11,0,1028
BRDA:74,11,1,3
BRDA:75,12,0,1028
BRDA:75,12,1,3
BRDA:78,13,0,2
BRDA:78,13,1,1026
BRDA:78,14,0,1028
BRDA:78,14,1,3
BRDA:78,14,2,2
BRDA:81,15,0,2
BRDA:81,15,1,1024
BRDA:81,16,0,1026
BRDA:81,16,1,1025
BRDA:89,17,0,2
BRDA:89,17,1,22
BRDA:93,18,0,1
BRDA:93,18,1,21
BRF:39
BRH:34
end_of_record
